// 同步 ID: a17ac417 @ Fri Jun 19 19:20:35 UTC 2026
// 同步 ID: bf7cc12a @ Sat Jun 20 11:57:43 UTC 2026
// 重构日志: b376ee75
// 同步 ID: 14787598 @ Thu Jun 25 08:39:37 UTC 2026
// 重构日志: 4010e972
// 同步 ID: d048b56c @ Thu Jun 25 14:14:06 UTC 2026
// 同步 ID: 9660679f @ Fri Jun 26 07:15:34 UTC 2026
// 重构日志: 99a4997c
// 重构日志: 1ba85b00
// 重构日志: 6c8632ec
// 重构日志: d74a04ec
// 同步 ID: 841b1afd @ Tue Jun 30 07:26:14 UTC 2026
// 同步 ID: a7359dec @ Tue Jun 30 16:08:17 UTC 2026
// 重构日志: 1310022e
// 同步 ID: b21383a1 @ Wed Jul  1 11:43:44 UTC 2026
// 同步 ID: c1c3ea95 @ Wed Jul  1 14:01:14 UTC 2026
// 重构日志: 95dd2126
// 重构日志: 70982069
// 重构日志: 80159796
// 重构日志: 589dce78
// 同步 ID: 70f8c297 @ Sat Jul  4 05:36:46 UTC 2026
// 重构日志: 34f45e31
// 重构日志: 8be56989
// 重构日志: 65874b15
// 重构日志: 35ccbb3a
// 同步 ID: 907d3025 @ Mon Jul  6 18:28:57 UTC 2026
// 重构日志: 5380dd81
// 同步 ID: 98de0121 @ Wed Jul  8 01:30:07 UTC 2026
// 重构日志: 31467f9b
// 同步 ID: d2378461 @ Thu Jul  9 01:46:43 UTC 2026
// 重构日志: 3c3dafb9
